ISim log file
Running: /home/ise/xilinx/practica12/simulacion_isim_beh.exe -intstyle ise -gui -tclbatch isim.cmd -wdb /home/ise/xilinx/practica12/simulacion_isim_beh.wdb 
ISim P.20160913 (signature 0xfbc00daa)
This is a Full version of ISim.
Time resolution is 1 ps
# onerror resume
# wave add /
# run 1000 ns
Simulator is doing circuit initialization process.
at 0 ps, Instance /simulacion/uut/conv/ : Warning: There is an 'U'|'X'|'W'|'Z'|'-' in an arithmetic operand, the result will be 'X'(es).
at 0 ps, Instance /simulacion/uut/conv/ : Warning: CONV_INTEGER: There is an 'U'|'X'|'W'|'Z'|'-' in an arithmetic operand, and it has been converted to 0.
Finished circuit initialization process.
# run 2ns
# restart
# run 2ns
Simulator is doing circuit initialization process.
at 0 ps, Instance /simulacion/uut/conv/ : Warning: CONV_INTEGER: There is an 'U'|'X'|'W'|'Z'|'-' in an arithmetic operand, and it has been converted to 0.
Finished circuit initialization process.
# run 2ns
# run 2ns
# run 2ns
# run 2ns
# run 2ns
# run 2ns
# run 2ns
# run 2ns
# run 2ns
# run 2ns
# run 2ns
# run 2ns
# run 2ns
# run 2ns
# run 2ns
# run 2ns
# run 2ns
# run 2ns
# run 2ns
# run 2ns
# run 2ns
# run 2ns
# run 2ns
# run 2ns
# run 2ns
# run 2ns
# run 2ns
# run 2ns
# run 2ns
# run 2ns
# run 2ns
# run 2ns
# run 2ns
# run 2ns
# run 2ns
# run 2ns
# run 2ns
# run 2ns
# run 2ns
# run 2ns
# run 2ns
# run 2ns
# run 2ns
# run 2ns
# run 2ns
# run 2ns
# run 2ns
# run 2ns
# run 2ns
# run 2ns
# run 2ns
# run 2ns
# run 2ns
# run 2ns
# run 2ns
# run 2ns
# run 2ns
# run 2ns
# run 2ns
# run 2ns
# run 2ns
# run 2ns
# run 2ns
# run 2ns
# run 2ns
# run 2ns
# run 2ns
# run 2ns
# run 2ns
# run 2ns
# run 2ns
# run 2ns
# run 2ns
# exit 0
