--------------------------------------------------------------------------------
Release 14.7 Trace  (lin64)
Copyright (c) 1995-2013 Xilinx, Inc.  All rights reserved.

/opt/Xilinx/14.7/ISE_DS/ISE/bin/lin64/unwrapped/trce -intstyle ise -v 3 -s 2 -n
3 -fastpaths -xml main.twx main.ncd -o main.twr main.pcf -ucf restricciones.ucf

Design file:              main.ncd
Physical constraint file: main.pcf
Device,package,speed:     xc6slx16,csg324,C,-2 (PRODUCTION 1.23 2016-11-22)
Report level:             verbose report

Environment Variable      Effect 
--------------------      ------ 
NONE                      No environment variables were set
--------------------------------------------------------------------------------

INFO:Timing:2698 - No timing constraints found, doing default enumeration.
INFO:Timing:3412 - To improve timing, see the Timing Closure User Guide (UG612).
INFO:Timing:2752 - To get complete path coverage, use the unconstrained paths 
   option. All paths that are not constrained will be reported in the 
   unconstrained paths section(s) of the report.
INFO:Timing:3339 - The clock-to-out numbers in this timing report are based on 
   a 50 Ohm transmission line loading model.  For the details of this model, 
   and for more information on accounting for different loading conditions, 
   please see the device datasheet.



Data Sheet report:
-----------------
All values displayed in nanoseconds (ns)

Setup/Hold to clock clk
------------+------------+------------+------------+------------+------------------+--------+
            |Max Setup to|  Process   |Max Hold to |  Process   |                  | Clock  |
Source      | clk (edge) |   Corner   | clk (edge) |   Corner   |Internal Clock(s) | Phase  |
------------+------------+------------+------------+------------+------------------+--------+
A<0>        |    1.169(R)|      SLOW  |   -0.001(R)|      SLOW  |clk_BUFGP         |   0.000|
A<1>        |    1.594(R)|      SLOW  |   -0.488(R)|      SLOW  |clk_BUFGP         |   0.000|
A<2>        |    1.381(R)|      SLOW  |   -0.211(R)|      SLOW  |clk_BUFGP         |   0.000|
A<3>        |    1.653(R)|      SLOW  |   -0.546(R)|      FAST  |clk_BUFGP         |   0.000|
A<4>        |    1.918(R)|      SLOW  |   -0.700(R)|      FAST  |clk_BUFGP         |   0.000|
A<5>        |    1.515(R)|      SLOW  |   -0.407(R)|      SLOW  |clk_BUFGP         |   0.000|
A<6>        |    1.691(R)|      SLOW  |   -0.495(R)|      SLOW  |clk_BUFGP         |   0.000|
A<7>        |    2.128(R)|      SLOW  |   -0.776(R)|      FAST  |clk_BUFGP         |   0.000|
INI         |    5.718(R)|      SLOW  |   -2.295(R)|      FAST  |clk_BUFGP         |   0.000|
clr         |    1.957(R)|      SLOW  |    0.255(R)|      SLOW  |clk_BUFGP         |   0.000|
------------+------------+------------+------------+------------+------------------+--------+

Clock clk to Pad
------------+-----------------+------------+-----------------+------------+------------------+--------+
            |Max (slowest) clk|  Process   |Min (fastest) clk|  Process   |                  | Clock  |
Destination |  (edge) to PAD  |   Corner   |  (edge) to PAD  |   Corner   |Internal Clock(s) | Phase  |
------------+-----------------+------------+-----------------+------------+------------------+--------+
AN<0>       |         9.468(R)|      SLOW  |         4.243(R)|      FAST  |clk_BUFGP         |   0.000|
AN<1>       |         9.586(R)|      SLOW  |         4.302(R)|      FAST  |clk_BUFGP         |   0.000|
AN<2>       |         9.618(R)|      SLOW  |         4.319(R)|      FAST  |clk_BUFGP         |   0.000|
AN<3>       |         9.618(R)|      SLOW  |         4.329(R)|      FAST  |clk_BUFGP         |   0.000|
DISPLAY<0>  |        11.677(R)|      SLOW  |         4.688(R)|      FAST  |clk_BUFGP         |   0.000|
DISPLAY<1>  |        11.561(R)|      SLOW  |         4.523(R)|      FAST  |clk_BUFGP         |   0.000|
DISPLAY<2>  |        11.791(R)|      SLOW  |         4.645(R)|      FAST  |clk_BUFGP         |   0.000|
DISPLAY<3>  |        11.445(R)|      SLOW  |         4.569(R)|      FAST  |clk_BUFGP         |   0.000|
DISPLAY<4>  |        11.558(R)|      SLOW  |         4.449(R)|      FAST  |clk_BUFGP         |   0.000|
DISPLAY<5>  |        11.510(R)|      SLOW  |         4.498(R)|      FAST  |clk_BUFGP         |   0.000|
DISPLAY<6>  |        11.840(R)|      SLOW  |         4.661(R)|      FAST  |clk_BUFGP         |   0.000|
QA<0>       |        10.402(R)|      SLOW  |         4.880(R)|      FAST  |clk_BUFGP         |   0.000|
QA<1>       |        10.242(R)|      SLOW  |         4.805(R)|      FAST  |clk_BUFGP         |   0.000|
QA<2>       |        10.263(R)|      SLOW  |         4.837(R)|      FAST  |clk_BUFGP         |   0.000|
QA<3>       |        10.281(R)|      SLOW  |         4.848(R)|      FAST  |clk_BUFGP         |   0.000|
QA<4>       |         9.832(R)|      SLOW  |         4.474(R)|      FAST  |clk_BUFGP         |   0.000|
QA<5>       |         9.817(R)|      SLOW  |         4.460(R)|      FAST  |clk_BUFGP         |   0.000|
QA<6>       |         9.842(R)|      SLOW  |         4.489(R)|      FAST  |clk_BUFGP         |   0.000|
QA<7>       |        10.109(R)|      SLOW  |         4.679(R)|      FAST  |clk_BUFGP         |   0.000|
------------+-----------------+------------+-----------------+------------+------------------+--------+

Clock to Setup on destination clock clk
---------------+---------+---------+---------+---------+
               | Src:Rise| Src:Fall| Src:Rise| Src:Fall|
Source Clock   |Dest:Rise|Dest:Rise|Dest:Fall|Dest:Fall|
---------------+---------+---------+---------+---------+
clk            |    3.380|         |         |         |
---------------+---------+---------+---------+---------+


Analysis completed Wed Jun  6 18:33:23 2018 
--------------------------------------------------------------------------------

Trace Settings:
-------------------------
Trace Settings 

Peak Memory Usage: 389 MB



