Release 14.7 - xst P.20160913 (lin64)
Copyright (c) 1995-2013 Xilinx, Inc.  All rights reserved.
--> 
Parameter TMPDIR set to xst/projnav.tmp


Total REAL time to Xst completion: 0.00 secs
Total CPU time to Xst completion: 0.02 secs
 
--> 
Parameter xsthdpdir set to xst


Total REAL time to Xst completion: 0.00 secs
Total CPU time to Xst completion: 0.02 secs
 
--> 
Reading design: main.prj

TABLE OF CONTENTS
  1) Synthesis Options Summary
  2) HDL Parsing
  3) HDL Elaboration
  4) HDL Synthesis
       4.1) HDL Synthesis Report
  5) Advanced HDL Synthesis
       5.1) Advanced HDL Synthesis Report
  6) Low Level Synthesis
  7) Partition Report
  8) Design Summary
       8.1) Primitive and Black Box Usage
       8.2) Device utilization summary
       8.3) Partition Resource Summary
       8.4) Timing Report
            8.4.1) Clock Information
            8.4.2) Asynchronous Control Signals Information
            8.4.3) Timing Summary
            8.4.4) Timing Details
            8.4.5) Cross Clock Domains Report


=========================================================================
*                      Synthesis Options Summary                        *
=========================================================================
---- Source Parameters
Input File Name                    : "main.prj"
Ignore Synthesis Constraint File   : NO

---- Target Parameters
Output File Name                   : "main"
Output Format                      : NGC
Target Device                      : xc6slx16-2-csg324

---- Source Options
Top Module Name                    : main
Automatic FSM Extraction           : YES
FSM Encoding Algorithm             : Auto
Safe Implementation                : No
FSM Style                          : LUT
RAM Extraction                     : Yes
RAM Style                          : Auto
ROM Extraction                     : Yes
Shift Register Extraction          : YES
ROM Style                          : Auto
Resource Sharing                   : YES
Asynchronous To Synchronous        : NO
Shift Register Minimum Size        : 2
Use DSP Block                      : Auto
Automatic Register Balancing       : No

---- Target Options
LUT Combining                      : Auto
Reduce Control Sets                : Auto
Add IO Buffers                     : YES
Global Maximum Fanout              : 100000
Add Generic Clock Buffer(BUFG)     : 16
Register Duplication               : YES
Optimize Instantiated Primitives   : NO
Use Clock Enable                   : Auto
Use Synchronous Set                : Auto
Use Synchronous Reset              : Auto
Pack IO Registers into IOBs        : Auto
Equivalent register Removal        : YES

---- General Options
Optimization Goal                  : Speed
Optimization Effort                : 1
Power Reduction                    : NO
Keep Hierarchy                     : No
Netlist Hierarchy                  : As_Optimized
RTL Output                         : Yes
Global Optimization                : AllClockNets
Read Cores                         : YES
Write Timing Constraints           : NO
Cross Clock Analysis               : NO
Hierarchy Separator                : /
Bus Delimiter                      : <>
Case Specifier                     : Maintain
Slice Utilization Ratio            : 100
BRAM Utilization Ratio             : 100
DSP48 Utilization Ratio            : 100
Auto BRAM Packing                  : NO
Slice Utilization Ratio Delta      : 5

=========================================================================


=========================================================================
*                          HDL Parsing                                  *
=========================================================================
Parsing VHDL file "/home/ise/xilinx/practica12/registro.vhd" into library work
Parsing entity <registro>.
Parsing architecture <Behavioral> of entity <registro>.
Parsing VHDL file "/home/ise/xilinx/practica12/paquete.vhd" into library work
Parsing package <paquete>.
Parsing package body <paquete>.
Parsing VHDL file "/home/ise/xilinx/practica12/fsm.vhd" into library work
Parsing entity <fsm>.
Parsing architecture <Behavioral> of entity <fsm>.
Parsing VHDL file "/home/ise/xilinx/practica12/convertidor.vhd" into library work
Parsing entity <convertidor>.
Parsing architecture <Behavioral> of entity <convertidor>.
Parsing VHDL file "/home/ise/xilinx/practica12/contador.vhd" into library work
Parsing entity <contador>.
Parsing architecture <Behavioral> of entity <contador>.
Parsing VHDL file "/home/ise/xilinx/practica12/main.vhd" into library work
Parsing entity <main>.
Parsing architecture <Behavioral> of entity <main>.

=========================================================================
*                            HDL Elaboration                            *
=========================================================================

Elaborating entity <main> (architecture <Behavioral>) from library <work>.

Elaborating entity <registro> (architecture <Behavioral>) from library <work>.

Elaborating entity <contador> (architecture <Behavioral>) from library <work>.

Elaborating entity <convertidor> (architecture <Behavioral>) from library <work>.

Elaborating entity <fsm> (architecture <Behavioral>) from library <work>.

=========================================================================
*                           HDL Synthesis                               *
=========================================================================

Synthesizing Unit <main>.
    Related source file is "/home/ise/xilinx/practica12/main.vhd".
    Summary:
	inferred   1 Multiplexer(s).
Unit <main> synthesized.

Synthesizing Unit <registro>.
    Related source file is "/home/ise/xilinx/practica12/registro.vhd".
    Found 8-bit register for signal <Q>.
    Summary:
	inferred   8 D-type flip-flop(s).
	inferred   1 Multiplexer(s).
Unit <registro> synthesized.

Synthesizing Unit <contador>.
    Related source file is "/home/ise/xilinx/practica12/contador.vhd".
    Found 4-bit register for signal <Q>.
    Found 4-bit adder for signal <Q[3]_GND_8_o_add_0_OUT> created at line 55.
    Summary:
	inferred   1 Adder/Subtractor(s).
	inferred   4 D-type flip-flop(s).
	inferred   1 Multiplexer(s).
Unit <contador> synthesized.

Synthesizing Unit <convertidor>.
    Related source file is "/home/ise/xilinx/practica12/convertidor.vhd".
WARNING:Xst:647 - Input <clk> is never used. This port will be preserved and left unconnected if it belongs to a top-level block or it belongs to a sub-block and the hierarchy of this sub-block is preserved.
WARNING:Xst:647 - Input <clr> is never used. This port will be preserved and left unconnected if it belongs to a top-level block or it belongs to a sub-block and the hierarchy of this sub-block is preserved.
    Found 16x7-bit Read Only RAM for signal <S>
    Summary:
	inferred   1 RAM(s).
Unit <convertidor> synthesized.

Synthesizing Unit <fsm>.
    Related source file is "/home/ise/xilinx/practica12/fsm.vhd".
    Found 2-bit register for signal <actual>.
    Found finite state machine <FSM_0> for signal <actual>.
    -----------------------------------------------------------------------
    | States             | 3                                              |
    | Transitions        | 6                                              |
    | Inputs             | 2                                              |
    | Outputs            | 3                                              |
    | Clock              | clk (rising_edge)                              |
    | Reset              | clr (positive)                                 |
    | Reset type         | asynchronous                                   |
    | Reset State        | a                                              |
    | Power Up State     | a                                              |
    | Encoding           | auto                                           |
    | Implementation     | LUT                                            |
    -----------------------------------------------------------------------
    Summary:
	inferred   3 Multiplexer(s).
	inferred   1 Finite State Machine(s).
Unit <fsm> synthesized.

=========================================================================
HDL Synthesis Report

Macro Statistics
# RAMs                                                 : 1
 16x7-bit single-port Read Only RAM                    : 1
# Adders/Subtractors                                   : 1
 4-bit adder                                           : 1
# Registers                                            : 2
 4-bit register                                        : 1
 8-bit register                                        : 1
# Multiplexers                                         : 6
 1-bit 2-to-1 multiplexer                              : 3
 4-bit 2-to-1 multiplexer                              : 1
 7-bit 2-to-1 multiplexer                              : 1
 8-bit 2-to-1 multiplexer                              : 1
# FSMs                                                 : 1

=========================================================================

=========================================================================
*                       Advanced HDL Synthesis                          *
=========================================================================


Synthesizing (advanced) Unit <contador>.
The following registers are absorbed into counter <Q>: 1 register on signal <Q>.
Unit <contador> synthesized (advanced).

Synthesizing (advanced) Unit <convertidor>.
INFO:Xst:3218 - HDL ADVISOR - The RAM <Mram_S> will be implemented on LUTs either because you have described an asynchronous read or because of currently unsupported block RAM features. If you have described an asynchronous read, making it synchronous would allow you to take advantage of available block RAM resources, for optimized device usage and improved timings. Please refer to your documentation for coding guidelines.
    -----------------------------------------------------------------------
    | ram_type           | Distributed                         |          |
    -----------------------------------------------------------------------
    | Port A                                                              |
    |     aspect ratio   | 16-word x 7-bit                     |          |
    |     weA            | connected to signal <GND>           | high     |
    |     addrA          | connected to signal <Q>             |          |
    |     diA            | connected to signal <GND>           |          |
    |     doA            | connected to signal <S>             |          |
    -----------------------------------------------------------------------
Unit <convertidor> synthesized (advanced).

=========================================================================
Advanced HDL Synthesis Report

Macro Statistics
# RAMs                                                 : 1
 16x7-bit single-port distributed Read Only RAM        : 1
# Counters                                             : 1
 4-bit up counter                                      : 1
# Registers                                            : 8
 Flip-Flops                                            : 8
# Multiplexers                                         : 12
 1-bit 2-to-1 multiplexer                              : 11
 7-bit 2-to-1 multiplexer                              : 1
# FSMs                                                 : 1

=========================================================================

=========================================================================
*                         Low Level Synthesis                           *
=========================================================================
Analyzing FSM <MFsm> for best encoding.
Optimizing FSM <FSM_0> on signal <actual[1:2]> with gray encoding.
-------------------
 State | Encoding
-------------------
 a     | 00
 b     | 01
 c     | 11
-------------------

Optimizing unit <main> ...

Optimizing unit <registro> ...

Mapping all equations...
Building and optimizing final netlist ...
Found area constraint ratio of 100 (+ 5) on block main, actual ratio is 0.

Final Macro Processing ...

=========================================================================
Final Register Report

Macro Statistics
# Registers                                            : 14
 Flip-Flops                                            : 14

=========================================================================

=========================================================================
*                           Partition Report                            *
=========================================================================

Partition Implementation Status
-------------------------------

  No Partitions were found in this design.

-------------------------------

=========================================================================
*                            Design Summary                             *
=========================================================================

Top Level Output File Name         : main.ngc

Primitive and Black Box Usage:
------------------------------
# BELS                             : 23
#      LUT2                        : 1
#      LUT3                        : 3
#      LUT4                        : 1
#      LUT5                        : 9
#      LUT6                        : 9
# FlipFlops/Latches                : 14
#      FDC                         : 10
#      FDCE                        : 4
# Clock Buffers                    : 1
#      BUFGP                       : 1
# IO Buffers                       : 17
#      IBUF                        : 10
#      OBUF                        : 7

Device utilization summary:
---------------------------

Selected Device : 6slx16csg324-2 


Slice Logic Utilization: 
 Number of Slice Registers:              14  out of  18224     0%  
 Number of Slice LUTs:                   23  out of   9112     0%  
    Number used as Logic:                23  out of   9112     0%  

Slice Logic Distribution: 
 Number of LUT Flip Flop pairs used:     23
   Number with an unused Flip Flop:       9  out of     23    39%  
   Number with an unused LUT:             0  out of     23     0%  
   Number of fully used LUT-FF pairs:    14  out of     23    60%  
   Number of unique control sets:         2

IO Utilization: 
 Number of IOs:                          18
 Number of bonded IOBs:                  18  out of    232     7%  

Specific Feature Utilization:
 Number of BUFG/BUFGCTRLs:                1  out of     16     6%  

---------------------------
Partition Resource Summary:
---------------------------

  No Partitions were found in this design.

---------------------------


=========================================================================
Timing Report

NOTE: THESE TIMING NUMBERS ARE ONLY A SYNTHESIS ESTIMATE.
      FOR ACCURATE TIMING INFORMATION PLEASE REFER TO THE TRACE REPORT
      GENERATED AFTER PLACE-and-ROUTE.

Clock Information:
------------------
-----------------------------------+------------------------+-------+
Clock Signal                       | Clock buffer(FF name)  | Load  |
-----------------------------------+------------------------+-------+
clk                                | BUFGP                  | 14    |
-----------------------------------+------------------------+-------+

Asynchronous Control Signals Information:
----------------------------------------
No asynchronous control signals found in this design

Timing Summary:
---------------
Speed Grade: -2

   Minimum period: 3.143ns (Maximum Frequency: 318.167MHz)
   Minimum input arrival time before clock: 3.119ns
   Maximum output required time after clock: 6.037ns
   Maximum combinational path delay: No path found

Timing Details:
---------------
All values displayed in nanoseconds (ns)

=========================================================================
Timing constraint: Default period analysis for Clock 'clk'
  Clock period: 3.143ns (frequency: 318.167MHz)
  Total number of paths / destination ports: 69 / 18
-------------------------------------------------------------------------
Delay:               3.143ns (Levels of Logic = 1)
  Source:            control/actual_FSM_FFd2 (FF)
  Destination:       cont/Q_0 (FF)
  Source Clock:      clk rising
  Destination Clock: clk rising

  Data Path: control/actual_FSM_FFd2 to cont/Q_0
                                Gate     Net
    Cell:in->out      fanout   Delay   Delay  Logical Name (Net Name)
    ----------------------------------------  ------------
     FDC:C->Q             15   0.525   1.263  control/actual_FSM_FFd2 (control/actual_FSM_FFd2)
     LUT3:I1->O            4   0.250   0.803  cont/_n0014_inv1 (cont/_n0014_inv)
     FDCE:CE                   0.302          cont/Q_0
    ----------------------------------------
    Total                      3.143ns (1.077ns logic, 2.066ns route)
                                       (34.3% logic, 65.7% route)

=========================================================================
Timing constraint: Default OFFSET IN BEFORE for Clock 'clk'
  Total number of paths / destination ports: 32 / 24
-------------------------------------------------------------------------
Offset:              3.119ns (Levels of Logic = 2)
  Source:            INI (PAD)
  Destination:       control/actual_FSM_FFd1 (FF)
  Destination Clock: clk rising

  Data Path: INI to control/actual_FSM_FFd1
                                Gate     Net
    Cell:in->out      fanout   Delay   Delay  Logical Name (Net Name)
    ----------------------------------------  ------------
     IBUF:I->O            10   1.328   1.463  INI_IBUF (INI_IBUF)
     LUT6:I0->O            1   0.254   0.000  control/actual_FSM_FFd1-In (control/actual_FSM_FFd1-In)
     FDC:D                     0.074          control/actual_FSM_FFd1
    ----------------------------------------
    Total                      3.119ns (1.656ns logic, 1.463ns route)
                                       (53.1% logic, 46.9% route)

=========================================================================
Timing constraint: Default OFFSET OUT AFTER for Clock 'clk'
  Total number of paths / destination ports: 35 / 7
-------------------------------------------------------------------------
Offset:              6.037ns (Levels of Logic = 2)
  Source:            control/actual_FSM_FFd1 (FF)
  Destination:       DISPLAY<4> (PAD)
  Source Clock:      clk rising

  Data Path: control/actual_FSM_FFd1 to DISPLAY<4>
                                Gate     Net
    Cell:in->out      fanout   Delay   Delay  Logical Name (Net Name)
    ----------------------------------------  ------------
     FDC:C->Q             18   0.525   1.665  control/actual_FSM_FFd1 (control/actual_FSM_FFd1)
     LUT5:I0->O            1   0.254   0.681  Mmux_DISPLAY51 (DISPLAY_4_OBUF)
     OBUF:I->O                 2.912          DISPLAY_4_OBUF (DISPLAY<4>)
    ----------------------------------------
    Total                      6.037ns (3.691ns logic, 2.346ns route)
                                       (61.1% logic, 38.9% route)

=========================================================================

Cross Clock Domains Report:
--------------------------

Clock to Setup on destination clock clk
---------------+---------+---------+---------+---------+
               | Src:Rise| Src:Fall| Src:Rise| Src:Fall|
Source Clock   |Dest:Rise|Dest:Rise|Dest:Fall|Dest:Fall|
---------------+---------+---------+---------+---------+
clk            |    3.143|         |         |         |
---------------+---------+---------+---------+---------+

=========================================================================


Total REAL time to Xst completion: 5.00 secs
Total CPU time to Xst completion: 3.86 secs
 
--> 


Total memory usage is 482768 kilobytes

Number of errors   :    0 (   0 filtered)
Number of warnings :    2 (   0 filtered)
Number of infos    :    1 (   0 filtered)

