--------------------------------------------------------------------------------
Release 14.7 Trace  (lin64)
Copyright (c) 1995-2013 Xilinx, Inc.  All rights reserved.

/opt/Xilinx/14.7/ISE_DS/ISE/bin/lin64/unwrapped/trce -intstyle ise -v 3 -s 2 -n
3 -fastpaths -xml main.twx main.ncd -o main.twr main.pcf -ucf restricciones.ucf

Design file:              main.ncd
Physical constraint file: main.pcf
Device,package,speed:     xc6slx16,csg324,C,-2 (PRODUCTION 1.23 2016-11-22)
Report level:             verbose report

Environment Variable      Effect 
--------------------      ------ 
NONE                      No environment variables were set
--------------------------------------------------------------------------------

INFO:Timing:2698 - No timing constraints found, doing default enumeration.
INFO:Timing:3412 - To improve timing, see the Timing Closure User Guide (UG612).
INFO:Timing:2752 - To get complete path coverage, use the unconstrained paths 
   option. All paths that are not constrained will be reported in the 
   unconstrained paths section(s) of the report.
INFO:Timing:3339 - The clock-to-out numbers in this timing report are based on 
   a 50 Ohm transmission line loading model.  For the details of this model, 
   and for more information on accounting for different loading conditions, 
   please see the device datasheet.



Data Sheet report:
-----------------
All values displayed in nanoseconds (ns)

Setup/Hold to clock clk
------------+------------+------------+------------+------------+------------------+--------+
            |Max Setup to|  Process   |Max Hold to |  Process   |                  | Clock  |
Source      | clk (edge) |   Corner   | clk (edge) |   Corner   |Internal Clock(s) | Phase  |
------------+------------+------------+------------+------------+------------------+--------+
A<0>        |    1.943(R)|      SLOW  |   -0.715(R)|      FAST  |clk_BUFGP         |   0.000|
A<1>        |    1.576(R)|      SLOW  |   -0.410(R)|      FAST  |clk_BUFGP         |   0.000|
A<2>        |    1.187(R)|      SLOW  |   -0.016(R)|      SLOW  |clk_BUFGP         |   0.000|
A<3>        |    1.860(R)|      SLOW  |   -0.601(R)|      FAST  |clk_BUFGP         |   0.000|
A<4>        |    1.464(R)|      SLOW  |   -0.144(R)|      SLOW  |clk_BUFGP         |   0.000|
A<5>        |    2.094(R)|      SLOW  |   -0.834(R)|      SLOW  |clk_BUFGP         |   0.000|
A<6>        |    1.299(R)|      SLOW  |    0.016(R)|      SLOW  |clk_BUFGP         |   0.000|
A<7>        |    1.969(R)|      SLOW  |   -0.622(R)|      FAST  |clk_BUFGP         |   0.000|
INI         |    4.947(R)|      SLOW  |   -1.892(R)|      FAST  |clk_BUFGP         |   0.000|
clr         |    5.790(R)|      SLOW  |   -2.480(R)|      FAST  |clk_BUFGP         |   0.000|
------------+------------+------------+------------+------------+------------------+--------+

Clock clk to Pad
------------+-----------------+------------+-----------------+------------+------------------+--------+
            |Max (slowest) clk|  Process   |Min (fastest) clk|  Process   |                  | Clock  |
Destination |  (edge) to PAD  |   Corner   |  (edge) to PAD  |   Corner   |Internal Clock(s) | Phase  |
------------+-----------------+------------+-----------------+------------+------------------+--------+
DISPLAY<0>  |        12.247(R)|      SLOW  |         4.957(R)|      FAST  |clk_BUFGP         |   0.000|
DISPLAY<1>  |        12.134(R)|      SLOW  |         4.927(R)|      FAST  |clk_BUFGP         |   0.000|
DISPLAY<2>  |        11.985(R)|      SLOW  |         4.824(R)|      FAST  |clk_BUFGP         |   0.000|
DISPLAY<3>  |        11.928(R)|      SLOW  |         4.755(R)|      FAST  |clk_BUFGP         |   0.000|
DISPLAY<4>  |        11.933(R)|      SLOW  |         4.798(R)|      FAST  |clk_BUFGP         |   0.000|
DISPLAY<5>  |        12.049(R)|      SLOW  |         4.786(R)|      FAST  |clk_BUFGP         |   0.000|
DISPLAY<6>  |        11.988(R)|      SLOW  |         4.751(R)|      FAST  |clk_BUFGP         |   0.000|
QA<0>       |        10.653(R)|      SLOW  |         5.091(R)|      FAST  |clk_BUFGP         |   0.000|
QA<1>       |        10.897(R)|      SLOW  |         5.251(R)|      FAST  |clk_BUFGP         |   0.000|
QA<2>       |        10.774(R)|      SLOW  |         5.216(R)|      FAST  |clk_BUFGP         |   0.000|
QA<3>       |        10.781(R)|      SLOW  |         5.223(R)|      FAST  |clk_BUFGP         |   0.000|
QA<4>       |        10.440(R)|      SLOW  |         4.921(R)|      FAST  |clk_BUFGP         |   0.000|
QA<5>       |        10.336(R)|      SLOW  |         4.817(R)|      FAST  |clk_BUFGP         |   0.000|
QA<6>       |        10.309(R)|      SLOW  |         4.859(R)|      FAST  |clk_BUFGP         |   0.000|
QA<7>       |        10.503(R)|      SLOW  |         4.933(R)|      FAST  |clk_BUFGP         |   0.000|
------------+-----------------+------------+-----------------+------------+------------------+--------+

Clock to Setup on destination clock clk
---------------+---------+---------+---------+---------+
               | Src:Rise| Src:Fall| Src:Rise| Src:Fall|
Source Clock   |Dest:Rise|Dest:Rise|Dest:Fall|Dest:Fall|
---------------+---------+---------+---------+---------+
clk            |    3.261|         |         |         |
---------------+---------+---------+---------+---------+


Analysis completed Mon Jun 11 16:11:35 2018 
--------------------------------------------------------------------------------

Trace Settings:
-------------------------
Trace Settings 

Peak Memory Usage: 389 MB



